
allesfitter version
---------------------
v1.2.10

Results:
----------
log(Z) = 364.77378184904535 +- 0.1121665883180469
Nr. of posterior samples: 19951

No values available to be derived.

Performing diagnostic tests on the fit's residuals...

Anderson-Darling Test
---------------------
This tests the null hypothesis that the residuals follows a normal distribution.
Test statistic		 0.17440117772575547
Critical values		 [0.556 0.633 0.759 0.885 1.053]
Significance levels	 [0.15  0.1   0.05  0.025 0.01 ]
Does the null hypotheses hold at a significance level of...
... 0.15 		 True
... 0.1 		 True
... 0.05 		 True
... 0.025 		 True
... 0.01 		 True
The null hypothesis cannot be rejected.
In simple words: your residuals look good.


Augmented Dickey-Fuller Test
----------------------------
This tests the null hypothesis that the residuals show non-stationarity (trends).
Test Statistic         -1.036208e+01
P-Value                 2.382052e-18
# Lags Used             0.000000e+00
# Observations Used     1.010000e+02
Critical Value (1%)    -3.496818e+00
Critical Value (5%)    -2.890611e+00
Critical Value (10%)   -2.582277e+00
Is the time series stationary? True
In simple words: your residuals look good.


Durbin-Watson Test
------------------
This tests the null hypothesis that there is no correlation among the residuals.
Test statistic: 2.0729018198299944
The test statistic is approximately equal to 2*(1-r) where r is the sample autocorrelation of the residuals. Interpretation:
	< 1.5 suggests a positive correlation
	1.5 to 2.5 suggests no correlation
	> 2.5 suggests a negative correlation
No signs of a correlation.
In simple words: your residuals look good.


Ljung-Box Test
--------------
This tests the null hypothesis that there is no correlation among the residuals.
Does the null hypotheses hold at a significance level of...
 lag   lb_stat  lb_pvalue  0.15  0.1  0.05  0.025  0.01
   1  0.164066   0.685440  True True  True   True  True
   5  4.766659   0.445016  True True  True   True  True
  10 10.366997   0.408907  True True  True   True  True
  15 19.125821   0.208089  True True  True   True  True
  20 23.064567   0.285635  True True  True   True  True
The null hypothesis cannot be rejected.
In simple words: your residuals look good.


Summary
-------
Test                    Passed?
Anderson-Darling        True
Augmented Dickey-Fuller True
Durbin-Watson           True
Ljung-Box               True

Orbital plots could not be produced.

Done. For all outputs, see allesfit/results
