
allesfitter version
---------------------
v1.2.9

Convergence check
-------------------
Total steps:         3000      
Burn steps:          2000      
Evaluation steps:    1000                
Evaluation samples:  10000               
Autocorrelation times:
	 parameter                      tau (in steps)       Chain length (in multiples of tau)
	 flare_tpeak_1                  48.163309682101115   20.76269273437471   
	 flare_fwhm_1                   47.56397763257273    21.02431398241977   
	 flare_ampl_1                   47.69482063820245    20.966637186575834  
	 flare_tpeak_2                  41.64884426276717    24.01027009755395   
	 flare_fwhm_2                   45.69145791045258    21.88592891826364   
	 flare_ampl_2                   44.994030039642006   22.225170741961758  
	 ln_err_flux_Flaronardo         41.42644775829089    24.13916843255924   

Not yet converged! Some chains are less than 30x the autocorrelation length. Please continue to run with longer chains, or start again with more walkers.

File "params_star.csv" not found. Cannot derive final parameters.

Performing diagnostic tests on the fit's residuals...

Anderson-Darling Test
---------------------
This tests the null hypothesis that the residuals follows a normal distribution.
Test statistic		 0.2153750115155617
Critical values		 [0.568 0.647 0.776 0.906 1.077]
Significance levels	 [0.15  0.1   0.05  0.025 0.01 ]
Does the null hypotheses hold at a significance level of...
... 0.15 		 True
... 0.1 		 True
... 0.05 		 True
... 0.025 		 True
... 0.01 		 True
The null hypothesis cannot be rejected.
In simple words: your residuals look good.


Augmented Dickey-Fuller Test
----------------------------
This tests the null hypothesis that the residuals show non-stationarity (trends).
Test Statistic         -1.665270e+01
P-Value                 1.598959e-29
# Lags Used             0.000000e+00
# Observations Used     2.870000e+02
Critical Value (1%)    -3.453342e+00
Critical Value (5%)    -2.871664e+00
Critical Value (10%)   -2.572164e+00
Is the time series stationary? True
In simple words: your residuals look good.


Durbin-Watson Test
------------------
This tests the null hypothesis that there is no correlation among the residuals.
Test statistic: 1.972940084632517
The test statistic is approximately equal to 2*(1-r) where r is the sample autocorrelation of the residuals. Interpretation:
	< 1.5 suggests a positive correlation
	1.5 to 2.5 suggests no correlation
	> 2.5 suggests a negative correlation
No signs of a correlation.
In simple words: your residuals look good.


Ljung-Box Test
--------------
This tests the null hypothesis that there is no correlation among the residuals.
Does the null hypotheses hold at a significance level of...
 lag   lb_stat  lb_pvalue  0.15  0.1  0.05  0.025  0.01
   1  0.014511   0.904117  True True  True   True  True
   5  1.739680   0.883863  True True  True   True  True
  10 12.743491   0.238369  True True  True   True  True
  15 19.648668   0.185828  True True  True   True  True
  20 26.819255   0.140426 False True  True   True  True
The null hypothesis is rejected at some significance levels.
In simple words: there might still be some structure in your residuals.


Summary
-------
Test                    Passed?
Anderson-Darling        True
Augmented Dickey-Fuller True
Durbin-Watson           True
Ljung-Box               False

Orbital plots could not be produced.

Done. For all outputs, see allesfit/results 

