
allesfitter version
---------------------
v1.2.9

Running MCMC...
--------------------------

Running on 7 CPUs.

Running full MCMC

Time taken to run 'emcee' on 7 cores is 0.03 hours

Acceptance fractions:
--------------------------
[0.10333333 0.08333333 0.06       0.20666667 0.18333333 0.02333333
 0.16333333 0.17666667 0.14       0.17       0.05       0.08333333
 0.16666667 0.11333333 0.19333333 0.09666667 0.16333333 0.19666667
 0.13       0.12666667 0.2        0.18666667 0.16       0.18333333
 0.04333333 0.18333333 0.17       0.20333333 0.07333333 0.12
 0.08333333 0.10333333 0.13333333 0.07666667 0.06333333 0.16
 0.09666667 0.11       0.17333333 0.10666667 0.14666667 0.19333333
 0.06       0.13333333 0.15666667 0.12333333 0.08666667 0.13
 0.12333333 0.13333333 0.14       0.09666667 0.13333333 0.20666667
 0.12333333 0.04       0.08666667 0.07       0.18333333 0.11666667
 0.05333333 0.18333333 0.08666667 0.15       0.11       0.05333333
 0.06666667 0.15       0.17333333 0.19       0.14       0.08666667
 0.17333333 0.13       0.05333333 0.17333333 0.09       0.14333333
 0.16       0.07666667 0.20333333 0.15333333 0.02       0.17666667
 0.06333333 0.08       0.07333333 0.14666667 0.15333333 0.20333333
 0.18333333 0.14       0.11666667 0.09666667 0.11666667 0.14666667
 0.09       0.13333333 0.09       0.16666667]

Convergence check
-------------------
Total steps:         3000      
Burn steps:          2000      
Evaluation steps:    1000                
Evaluation samples:  10000               
Autocorrelation times:
	 parameter                      tau (in steps)       Chain length (in multiples of tau)
	 flare_tpeak_1                  59.75873716879201    16.733954688089245  
	 flare_fwhm_1                   45.21756817191204    22.11529811152413   
	 flare_ampl_1                   41.42090637502051    24.142397825535387  
	 ln_err_flux_TIC_1403938        53.338317072261255   18.748248067992623  

Not yet converged! Some chains are less than 30x the autocorrelation length. Please continue to run with longer chains, or start again with more walkers.

