
allesfitter version
---------------------
v1.2.9

Running MCMC...
--------------------------

Running on 7 CPUs.

Running full MCMC

Time taken to run 'emcee' on 7 cores is 0.04 hours

Acceptance fractions:
--------------------------
[0.16333333 0.18666667 0.18333333 0.19333333 0.2        0.13
 0.20333333 0.18666667 0.23666667 0.19666667 0.20333333 0.18
 0.18       0.20666667 0.17666667 0.19666667 0.27       0.19333333
 0.18333333 0.19       0.20666667 0.04333333 0.16333333 0.18666667
 0.21666667 0.21333333 0.18666667 0.20333333 0.19666667 0.19333333
 0.16666667 0.2        0.25666667 0.18333333 0.19       0.17666667
 0.18666667 0.18       0.15333333 0.16       0.16       0.17
 0.24666667 0.18       0.18333333 0.18       0.18666667 0.18666667
 0.2        0.23333333 0.19       0.18333333 0.17       0.22666667
 0.16666667 0.15666667 0.16333333 0.19333333 0.21       0.15
 0.20666667 0.18       0.14666667 0.18666667 0.22       0.20333333
 0.29333333 0.21333333 0.18       0.16       0.17666667 0.17
 0.13666667 0.18666667 0.17       0.22333333 0.2        0.16333333
 0.21       0.19666667 0.20666667 0.17       0.17666667 0.22333333
 0.16333333 0.20666667 0.17333333 0.18333333 0.13666667 0.18333333
 0.14333333 0.17333333 0.17333333 0.19333333 0.19333333 0.15333333
 0.17333333 0.20666667 0.20333333 0.16666667]

Convergence check
-------------------
Total steps:         3000      
Burn steps:          2000      
Evaluation steps:    1000                
Evaluation samples:  10000               
Autocorrelation times:
	 parameter                      tau (in steps)       Chain length (in multiples of tau)
	 flare_tpeak_1                  20.95034885272607    47.73190208094695   
	 flare_fwhm_1                   20.2406918834145     49.4054257512518    
	 flare_ampl_1                   27.513929852785438   36.34522604915207   
	 ln_err_flux_TIC_1403938        29.78311269950941    33.576074136014405  

Succesfully converged! All chains are at least 30x the autocorrelation length.

