
allesfitter version
---------------------
v1.2.9

Running MCMC...
--------------------------

Running on 7 CPUs.

Running full MCMC

Time taken to run 'emcee' on 7 cores is 0.06 hours

Acceptance fractions:
--------------------------
[0.08666667 0.10666667 0.08333333 0.06       0.09666667 0.11
 0.03       0.11       0.1        0.09333333 0.05666667 0.08666667
 0.09666667 0.03666667 0.09666667 0.08666667 0.12333333 0.08
 0.09666667 0.1        0.11666667 0.11333333 0.07       0.11
 0.1        0.03666667 0.1        0.11333333 0.08333333 0.10666667
 0.11333333 0.06333333 0.08666667 0.11666667 0.07666667 0.07
 0.11       0.08333333 0.08666667 0.1        0.09       0.14
 0.08666667 0.09       0.10666667 0.12666667 0.10333333 0.09666667
 0.09333333 0.10666667 0.07       0.07666667 0.08666667 0.09333333
 0.07       0.10333333 0.12333333 0.07333333 0.07333333 0.07666667
 0.08666667 0.09       0.09333333 0.06666667 0.09333333 0.1
 0.1        0.08333333 0.09       0.10333333 0.08       0.09333333
 0.07666667 0.08666667 0.10666667 0.08333333 0.12666667 0.1
 0.06333333 0.07       0.12       0.09666667 0.11       0.1
 0.08333333 0.08333333 0.08666667 0.07333333 0.07333333 0.09666667
 0.09666667 0.05       0.10333333 0.15666667 0.11666667 0.10333333
 0.04       0.06333333 0.11       0.10333333]

Convergence check
-------------------
Total steps:         3000      
Burn steps:          2000      
Evaluation steps:    1000                
Evaluation samples:  10000               
Autocorrelation times:
	 parameter                      tau (in steps)       Chain length (in multiples of tau)
	 flare_tpeak_1                  67.4433069727713     14.827268188431615  
	 flare_fwhm_1                   69.49896539698344    14.388703404258223  
	 flare_ampl_1                   69.5727844164503     14.373436515264043  
	 flare_tpeak_2                  67.07665648729593    14.908316132146453  
	 flare_fwhm_2                   68.52732760674799    14.59271848070037   
	 flare_ampl_2                   58.54949214956563    17.079567444333826  
	 ln_err_flux_TIC_233547261_flare1 46.96465932018011    21.292606280448688  

Not yet converged! Some chains are less than 30x the autocorrelation length. Please continue to run with longer chains, or start again with more walkers.

