
allesfitter version
---------------------
v1.2.9

Convergence check
-------------------
Total steps:         3000      
Burn steps:          2000      
Evaluation steps:    1000                
Evaluation samples:  10000               
Autocorrelation times:
	 parameter                      tau (in steps)       Chain length (in multiples of tau)
	 flare_tpeak_1                  34.439113101328246   29.036752400032974  
	 flare_fwhm_1                   36.60795592861446    27.316466451992042  
	 flare_ampl_1                   39.062471528339636   25.600018659200938  
	 flare_tpeak_2                  41.813910368997      23.91548628614873   
	 flare_fwhm_2                   39.24287488790227    25.482332852944943  
	 flare_ampl_2                   40.28083830013149    24.825699816598295  
	 flare_tpeak_3                  40.46405527976407    24.713291663084902  
	 flare_fwhm_3                   43.519322292781446   22.97829900181764   
	 flare_ampl_3                   39.80513388666254    25.122387550493052  
	 ln_err_flux_TIC_1403938        39.66353112951733    25.21207697657072   

Not yet converged! Some chains are less than 30x the autocorrelation length. Please continue to run with longer chains, or start again with more walkers.

File "params_star.csv" not found. Cannot derive final parameters.

Performing diagnostic tests on the fit's residuals...

Anderson-Darling Test
---------------------
This tests the null hypothesis that the residuals follows a normal distribution.
Test statistic		 8.458838055754768
Critical values		 [0.561 0.639 0.766 0.894 1.063]
Significance levels	 [0.15  0.1   0.05  0.025 0.01 ]
Does the null hypotheses hold at a significance level of...
... 0.15 		 False
... 0.1 		 False
... 0.05 		 False
... 0.025 		 False
... 0.01 		 False
The null hypothesis is rejected at some significance levels.
In simple words: there might still be some structure in your residuals.


Augmented Dickey-Fuller Test
----------------------------
This tests the null hypothesis that the residuals show non-stationarity (trends).
Test Statistic           -4.874134
P-Value                   0.000039
# Lags Used               2.000000
# Observations Used     139.000000
Critical Value (1%)      -3.478294
Critical Value (5%)      -2.882568
Critical Value (10%)     -2.577983
Is the time series stationary? True
In simple words: your residuals look good.


Durbin-Watson Test
------------------
This tests the null hypothesis that there is no correlation among the residuals.
Test statistic: 2.4502749866755216
The test statistic is approximately equal to 2*(1-r) where r is the sample autocorrelation of the residuals. Interpretation:
	< 1.5 suggests a positive correlation
	1.5 to 2.5 suggests no correlation
	> 2.5 suggests a negative correlation
No signs of a correlation.
In simple words: your residuals look good.


Ljung-Box Test
--------------
This tests the null hypothesis that there is no correlation among the residuals.
Does the null hypotheses hold at a significance level of...
 lag   lb_stat  lb_pvalue  0.15   0.1  0.05  0.025  0.01
   1  7.373158   0.006620 False False False  False False
   5 27.338901   0.000049 False False False  False False
  10 27.840058   0.001915 False False False  False False
  15 30.694582   0.009649 False False False  False False
  20 31.944770   0.043890 False False False   True  True
The null hypothesis is rejected at some significance levels.
In simple words: there might still be some structure in your residuals.


Summary
-------
Test                    Passed?
Anderson-Darling        False
Augmented Dickey-Fuller True
Durbin-Watson           True
Ljung-Box               False

Orbital plots could not be produced.

Done. For all outputs, see allesfit/results 

