
allesfitter version
---------------------
v1.2.9

Running MCMC...
--------------------------

Running on 7 CPUs.

Running full MCMC

Time taken to run 'emcee' on 7 cores is 0.04 hours

Acceptance fractions:
--------------------------
[0.19       0.20333333 0.16       0.23       0.19333333 0.18333333
 0.20333333 0.21333333 0.23       0.19333333 0.22       0.17666667
 0.20666667 0.19666667 0.17333333 0.20333333 0.18       0.16
 0.19666667 0.22666667 0.21       0.18666667 0.19666667 0.20333333
 0.19666667 0.25666667 0.22666667 0.21       0.18666667 0.17
 0.23       0.21333333 0.24       0.21       0.24666667 0.18
 0.18       0.21333333 0.19333333 0.18666667 0.22333333 0.22666667
 0.13666667 0.24666667 0.15       0.17666667 0.23       0.25333333
 0.22       0.19333333 0.2        0.2        0.20333333 0.15333333
 0.22       0.24666667 0.2        0.21666667 0.17666667 0.20333333
 0.19       0.21       0.16666667 0.16333333 0.20333333 0.18
 0.17666667 0.22666667 0.16333333 0.21333333 0.2        0.2
 0.18333333 0.20333333 0.18       0.18333333 0.17666667 0.19666667
 0.23       0.21333333 0.20333333 0.2        0.20333333 0.21666667
 0.13666667 0.17666667 0.24333333 0.2        0.22       0.17
 0.24666667 0.19       0.20666667 0.19333333 0.16       0.22333333
 0.19       0.24       0.23333333 0.18      ]

Convergence check
-------------------
Total steps:         3000      
Burn steps:          2000      
Evaluation steps:    1000                
Evaluation samples:  10000               
Autocorrelation times:
	 parameter                      tau (in steps)       Chain length (in multiples of tau)
	 flare_tpeak_1                  30.77991931172211    32.488714147446245  
	 flare_fwhm_1                   33.97340444990999    29.434789247406417  
	 flare_ampl_1                   31.886096853388175   31.361630888784724  
	 flare_tpeak_2                  32.895316715025004   30.399464114089163  
	 flare_fwhm_2                   33.804616578298045   29.581758387461846  
	 flare_ampl_2                   31.89140712637996    31.35640882941221   
	 flare_tpeak_3                  34.62319675016877    28.882370603030047  
	 flare_fwhm_3                   32.88419593103127    30.409744610977302  
	 flare_ampl_3                   33.69179079981947    29.680820646831222  
	 ln_err_flux_TIC_1403938        33.23019594447988    30.09311174904816   

Not yet converged! Some chains are less than 30x the autocorrelation length. Please continue to run with longer chains, or start again with more walkers.

