
allesfitter version
---------------------
v1.2.9

Convergence check
-------------------
Total steps:         3000      
Burn steps:          2000      
Evaluation steps:    1000                
Evaluation samples:  10000               
Autocorrelation times:
	 parameter                      tau (in steps)       Chain length (in multiples of tau)
	 flare_tpeak_1                  31.574697583010874   31.670928830623588  
	 flare_fwhm_1                   30.844890658725976   32.42028026826872   
	 flare_ampl_1                   31.168493884904763   32.083680517020774  
	 flare_tpeak_2                  31.091194466128044   32.163447470293846  
	 flare_fwhm_2                   30.355905457889634   32.94251925336971   
	 flare_ampl_2                   32.6547556792362     30.623410869243106  
	 flare_tpeak_3                  28.263925111199534   35.380790037677805  
	 flare_fwhm_3                   35.33120211371684    28.303593995511523  
	 flare_ampl_3                   31.668595200150875   31.577024294252112  
	 ln_err_flux_TIC_1403938        38.252540998499065   26.142054198157386  

Not yet converged! Some chains are less than 30x the autocorrelation length. Please continue to run with longer chains, or start again with more walkers.

File "params_star.csv" not found. Cannot derive final parameters.

Performing diagnostic tests on the fit's residuals...

Anderson-Darling Test
---------------------
This tests the null hypothesis that the residuals follows a normal distribution.
Test statistic		 7.778311862275189
Critical values		 [0.561 0.639 0.766 0.894 1.063]
Significance levels	 [0.15  0.1   0.05  0.025 0.01 ]
Does the null hypotheses hold at a significance level of...
... 0.15 		 False
... 0.1 		 False
... 0.05 		 False
... 0.025 		 False
... 0.01 		 False
The null hypothesis is rejected at some significance levels.
In simple words: there might still be some structure in your residuals.


Augmented Dickey-Fuller Test
----------------------------
This tests the null hypothesis that the residuals show non-stationarity (trends).
Test Statistic         -6.596451e+00
P-Value                 6.906145e-09
# Lags Used             3.000000e+00
# Observations Used     1.380000e+02
Critical Value (1%)    -3.478648e+00
Critical Value (5%)    -2.882722e+00
Critical Value (10%)   -2.578065e+00
Is the time series stationary? True
In simple words: your residuals look good.


Durbin-Watson Test
------------------
This tests the null hypothesis that there is no correlation among the residuals.
Test statistic: 2.1775399305346665
The test statistic is approximately equal to 2*(1-r) where r is the sample autocorrelation of the residuals. Interpretation:
	< 1.5 suggests a positive correlation
	1.5 to 2.5 suggests no correlation
	> 2.5 suggests a negative correlation
No signs of a correlation.
In simple words: your residuals look good.


Ljung-Box Test
--------------
This tests the null hypothesis that there is no correlation among the residuals.
Does the null hypotheses hold at a significance level of...
 lag   lb_stat  lb_pvalue  0.15   0.1  0.05  0.025  0.01
   1  1.145088   0.284580  True  True  True   True  True
   5 15.270059   0.009269 False False False  False False
  10 25.753738   0.004086 False False False  False False
  15 28.057848   0.021210 False False False  False  True
  20 28.866921   0.090413 False False  True   True  True
The null hypothesis is rejected at some significance levels.
In simple words: there might still be some structure in your residuals.


Summary
-------
Test                    Passed?
Anderson-Darling        False
Augmented Dickey-Fuller True
Durbin-Watson           True
Ljung-Box               False

Orbital plots could not be produced.

Done. For all outputs, see allesfit/results 

