
allesfitter version
---------------------
v1.2.9

Running MCMC...
--------------------------

Running on 7 CPUs.

Running full MCMC

Time taken to run 'emcee' on 7 cores is 0.04 hours

Acceptance fractions:
--------------------------
[0.07       0.05333333 0.06       0.06666667 0.06333333 0.07666667
 0.06666667 0.05333333 0.07666667 0.04       0.05333333 0.06333333
 0.09       0.06666667 0.04333333 0.03666667 0.06666667 0.04333333
 0.06666667 0.09       0.02666667 0.05333333 0.07666667 0.08666667
 0.04666667 0.08       0.02333333 0.07       0.05       0.07666667
 0.04333333 0.07666667 0.04       0.07333333 0.06333333 0.05
 0.06       0.07333333 0.07666667 0.04333333 0.04333333 0.05
 0.04333333 0.07333333 0.05       0.05666667 0.06333333 0.06
 0.04333333 0.03       0.05333333 0.06333333 0.04666667 0.05333333
 0.05666667 0.05       0.04666667 0.06       0.05333333 0.06666667
 0.06333333 0.04666667 0.04333333 0.07       0.06333333 0.05666667
 0.04333333 0.04333333 0.05333333 0.05333333 0.05       0.07
 0.06       0.05       0.05666667 0.04666667 0.08       0.06666667
 0.05333333 0.07666667 0.06       0.06       0.05       0.05666667
 0.06666667 0.07666667 0.04       0.06666667 0.05666667 0.07
 0.07       0.09       0.05       0.04       0.05666667 0.06666667
 0.06333333 0.06666667 0.06666667 0.04      ]

Convergence check
-------------------
Total steps:         3000      
Burn steps:          2000      
Evaluation steps:    1000                
Evaluation samples:  10000               
Autocorrelation times:
	 parameter                      tau (in steps)       Chain length (in multiples of tau)
	 flare_tpeak_1                  55.98226558314113    17.862799756020355  
	 flare_fwhm_1                   54.748808000257625   18.265237847649477  
	 flare_ampl_1                   60.72004864655766    16.46902501381135   
	 flare_tpeak_2                  60.53601331550077    16.519092441522595  
	 flare_fwhm_2                   55.24126116526122    18.102410750695455  
	 flare_ampl_2                   59.243152656280756   16.879587853837542  
	 ln_err_flux_TIC_1403938        57.69235653702846    17.33331865822076   

Not yet converged! Some chains are less than 30x the autocorrelation length. Please continue to run with longer chains, or start again with more walkers.

