
allesfitter version
---------------------
v1.2.9

Convergence check
-------------------
Total steps:         3000      
Burn steps:          2000      
Evaluation steps:    1000                
Evaluation samples:  10000               
Autocorrelation times:
	 parameter                      tau (in steps)       Chain length (in multiples of tau)
	 flare_tpeak_1                  32.54181743509429    30.72969117335049   
	 flare_fwhm_1                   35.46587348513447    28.19611930379073   
	 flare_ampl_1                   32.89578833627036    30.399028282213756  
	 flare_tpeak_2                  33.93074271661139    29.471798137517116  
	 flare_fwhm_2                   33.12647324236123    30.187336656207258  
	 flare_ampl_2                   35.3579272021119     28.282200884792555  
	 flare_tpeak_3                  32.992342398815296   30.31006370847765   
	 flare_fwhm_3                   29.433916947853973   33.97441128109556   
	 flare_ampl_3                   33.22009695644128    30.10226012618855   
	 ln_err_flux_TIC_1403938        36.15567547757585    27.658175011007916  

Not yet converged! Some chains are less than 30x the autocorrelation length. Please continue to run with longer chains, or start again with more walkers.

File "params_star.csv" not found. Cannot derive final parameters.

Performing diagnostic tests on the fit's residuals...

Anderson-Darling Test
---------------------
This tests the null hypothesis that the residuals follows a normal distribution.
Test statistic		 7.807726512961409
Critical values		 [0.561 0.639 0.766 0.894 1.063]
Significance levels	 [0.15  0.1   0.05  0.025 0.01 ]
Does the null hypotheses hold at a significance level of...
... 0.15 		 False
... 0.1 		 False
... 0.05 		 False
... 0.025 		 False
... 0.01 		 False
The null hypothesis is rejected at some significance levels.
In simple words: there might still be some structure in your residuals.


Augmented Dickey-Fuller Test
----------------------------
This tests the null hypothesis that the residuals show non-stationarity (trends).
Test Statistic         -6.600960e+00
P-Value                 6.737850e-09
# Lags Used             3.000000e+00
# Observations Used     1.380000e+02
Critical Value (1%)    -3.478648e+00
Critical Value (5%)    -2.882722e+00
Critical Value (10%)   -2.578065e+00
Is the time series stationary? True
In simple words: your residuals look good.


Durbin-Watson Test
------------------
This tests the null hypothesis that there is no correlation among the residuals.
Test statistic: 2.176623852271417
The test statistic is approximately equal to 2*(1-r) where r is the sample autocorrelation of the residuals. Interpretation:
	< 1.5 suggests a positive correlation
	1.5 to 2.5 suggests no correlation
	> 2.5 suggests a negative correlation
No signs of a correlation.
In simple words: your residuals look good.


Ljung-Box Test
--------------
This tests the null hypothesis that there is no correlation among the residuals.
Does the null hypotheses hold at a significance level of...
 lag   lb_stat  lb_pvalue  0.15   0.1  0.05  0.025  0.01
   1  1.133295   0.287074  True  True  True   True  True
   5 15.353380   0.008954 False False False  False False
  10 25.706296   0.004156 False False False  False False
  15 27.942233   0.021933 False False False  False  True
  20 28.793131   0.091913 False False  True   True  True
The null hypothesis is rejected at some significance levels.
In simple words: there might still be some structure in your residuals.


Summary
-------
Test                    Passed?
Anderson-Darling        False
Augmented Dickey-Fuller True
Durbin-Watson           True
Ljung-Box               False

Orbital plots could not be produced.

Done. For all outputs, see allesfit/results 

