
allesfitter version
---------------------
v1.2.9

Running MCMC...
--------------------------

Running on 7 CPUs.

Running full MCMC

Time taken to run 'emcee' on 7 cores is 0.04 hours

Acceptance fractions:
--------------------------
[0.22       0.2        0.22       0.20333333 0.23666667 0.2
 0.22333333 0.19333333 0.19666667 0.21333333 0.2        0.25333333
 0.18       0.22333333 0.16333333 0.20666667 0.21666667 0.21666667
 0.21333333 0.19333333 0.22333333 0.18333333 0.14666667 0.2
 0.21       0.25       0.22333333 0.21       0.16666667 0.21666667
 0.24333333 0.15666667 0.2        0.17333333 0.21       0.2
 0.22       0.23666667 0.21666667 0.25666667 0.23333333 0.21666667
 0.23       0.19       0.21333333 0.20333333 0.22666667 0.18333333
 0.16666667 0.22333333 0.15666667 0.23333333 0.18       0.17666667
 0.25666667 0.23333333 0.23333333 0.21666667 0.23666667 0.2
 0.17666667 0.18666667 0.23666667 0.19333333 0.23       0.22666667
 0.17       0.16       0.20333333 0.22       0.24       0.18666667
 0.19       0.2        0.24333333 0.24       0.20666667 0.24333333
 0.24666667 0.15333333 0.18333333 0.20666667 0.18666667 0.22666667
 0.22666667 0.19       0.24666667 0.2        0.17666667 0.20666667
 0.21       0.2        0.20666667 0.23333333 0.18       0.19
 0.20333333 0.18333333 0.15333333 0.19666667]

Convergence check
-------------------
Total steps:         3000      
Burn steps:          2000      
Evaluation steps:    1000                
Evaluation samples:  10000               
Autocorrelation times:
	 parameter                      tau (in steps)       Chain length (in multiples of tau)
	 flare_tpeak_1                  28.437065443159206   35.165372531101276  
	 flare_fwhm_1                   28.97823389742678    34.508659276464684  
	 flare_ampl_1                   31.750961305078818   31.49510940445265   
	 flare_tpeak_2                  27.114726356544047   36.8803279387938    
	 flare_fwhm_2                   31.774651888415217   31.471627242739107  
	 flare_ampl_2                   29.282617886366523   34.14995216208393   
	 flare_tpeak_3                  28.993110309457684   34.490952827292745  
	 flare_fwhm_3                   32.04477609123473    31.20633444755234   
	 flare_ampl_3                   29.052016447357882   34.421018651562285  
	 ln_err_flux_TIC_1403938        33.361447135002265   29.974718900932118  

Not yet converged! Some chains are less than 30x the autocorrelation length. Please continue to run with longer chains, or start again with more walkers.

