
allesfitter version
---------------------
v1.2.9

Running MCMC...
--------------------------

Running on 7 CPUs.

Running full MCMC

Time taken to run 'emcee' on 7 cores is 0.04 hours

Acceptance fractions:
--------------------------
[0.22666667 0.22       0.17666667 0.21       0.21       0.20333333
 0.21333333 0.22       0.25       0.23333333 0.22333333 0.18333333
 0.15666667 0.18       0.2        0.19666667 0.2        0.21
 0.20666667 0.23666667 0.20333333 0.21333333 0.21       0.22333333
 0.2        0.20666667 0.22666667 0.17666667 0.19333333 0.22666667
 0.16666667 0.23       0.20666667 0.22666667 0.22666667 0.24333333
 0.21666667 0.21666667 0.21       0.18333333 0.22       0.18333333
 0.23       0.22666667 0.21       0.18       0.19       0.16
 0.22333333 0.22666667 0.16       0.23       0.20666667 0.20666667
 0.18333333 0.19333333 0.21666667 0.20333333 0.23333333 0.21
 0.30666667 0.22       0.22       0.18666667 0.20333333 0.17666667
 0.19333333 0.20333333 0.18       0.21666667 0.15666667 0.27
 0.23666667 0.19666667 0.18333333 0.25       0.20666667 0.21333333
 0.22333333 0.22333333 0.22       0.25666667 0.22666667 0.2
 0.18666667 0.17666667 0.20666667 0.21       0.19666667 0.20666667
 0.17666667 0.24       0.20666667 0.18333333 0.23666667 0.19333333
 0.16333333 0.20333333 0.19       0.17      ]

Convergence check
-------------------
Total steps:         3000      
Burn steps:          2000      
Evaluation steps:    1000                
Evaluation samples:  10000               
Autocorrelation times:
	 parameter                      tau (in steps)       Chain length (in multiples of tau)
	 flare_tpeak_1                  25.98301913630181    38.48667449899477   
	 flare_fwhm_1                   25.987595840872633   38.47989656770117   
	 flare_ampl_1                   29.084606368676408   34.38244916654543   
	 flare_tpeak_2                  27.092534211620265   36.91053750044135   
	 flare_fwhm_2                   24.25924047348103    41.22140596665214   
	 flare_ampl_2                   25.448772260214675   39.29462646665079   
	 ln_err_flux_TIC_1403938        26.78460363654903    37.334881395648     

Succesfully converged! All chains are at least 30x the autocorrelation length.

