
allesfitter version
---------------------
v1.2.9

Running MCMC...
--------------------------

Running on 7 CPUs.

Running full MCMC

Time taken to run 'emcee' on 7 cores is 0.05 hours

Acceptance fractions:
--------------------------
[0.2        0.17666667 0.2        0.17666667 0.19333333 0.20333333
 0.16666667 0.18333333 0.17666667 0.22       0.20666667 0.19333333
 0.22333333 0.18666667 0.18666667 0.22       0.19666667 0.20333333
 0.23333333 0.18       0.19333333 0.19666667 0.17333333 0.17
 0.18333333 0.20333333 0.17333333 0.18333333 0.18       0.22
 0.15666667 0.20333333 0.21       0.2        0.18666667 0.18
 0.21333333 0.18       0.23       0.20333333 0.2        0.21
 0.18333333 0.22       0.18666667 0.19333333 0.18666667 0.21666667
 0.2        0.16333333 0.21666667 0.19333333 0.19       0.17666667
 0.22333333 0.23333333 0.15666667 0.16666667 0.22       0.23333333
 0.21       0.22333333 0.21333333 0.23       0.19333333 0.20666667
 0.17666667 0.19333333 0.19333333 0.17333333 0.21333333 0.20333333
 0.21       0.22       0.21333333 0.19       0.18       0.20333333
 0.22666667 0.19       0.21       0.18333333 0.18333333 0.23666667
 0.21666667 0.23666667 0.20666667 0.23666667 0.2        0.21333333
 0.16666667 0.22       0.2        0.20666667 0.2        0.22666667
 0.24333333 0.22333333 0.17333333 0.21666667]

Convergence check
-------------------
Total steps:         3000      
Burn steps:          2000      
Evaluation steps:    1000                
Evaluation samples:  10000               
Autocorrelation times:
	 parameter                      tau (in steps)       Chain length (in multiples of tau)
	 flare_tpeak_1                  29.107078191355917   34.35590454753976   
	 flare_fwhm_1                   30.31653523212901    32.985299683593624  
	 flare_ampl_1                   36.729591380726625   27.226003949631114  
	 flare_tpeak_2                  33.242256622488256   30.082193617490574  
	 flare_fwhm_2                   34.321146260731766   29.136555999708584  
	 flare_ampl_2                   33.18235758703988    30.13649640104453   
	 flare_tpeak_3                  31.96086468763644    31.28826487560064   
	 flare_fwhm_3                   30.71263638662794    32.55988796961087   
	 flare_ampl_3                   32.56482197028405    30.70798301653597   
	 ln_err_flux_TIC_1403938        31.781578969640254   31.464767718283046  

Not yet converged! Some chains are less than 30x the autocorrelation length. Please continue to run with longer chains, or start again with more walkers.

