
allesfitter version
---------------------
v1.2.9

Running MCMC...
--------------------------

Running on 7 CPUs.

Running full MCMC

Time taken to run 'emcee' on 7 cores is 0.07 hours

Acceptance fractions:
--------------------------
[0.14       0.19333333 0.09       0.17       0.17333333 0.17666667
 0.17666667 0.16333333 0.19666667 0.17333333 0.21666667 0.18333333
 0.15333333 0.17333333 0.16666667 0.18       0.14333333 0.17
 0.20666667 0.15       0.09666667 0.14666667 0.19       0.18333333
 0.13       0.18333333 0.18333333 0.18       0.18666667 0.18333333
 0.17333333 0.19       0.04       0.17       0.19666667 0.19
 0.22       0.16       0.19       0.15       0.19       0.16333333
 0.15       0.15       0.13       0.21666667 0.19       0.19333333
 0.10666667 0.17666667 0.12666667 0.13333333 0.15333333 0.16666667
 0.16333333 0.06333333 0.15       0.15       0.08333333 0.15333333
 0.16333333 0.19       0.16       0.11333333 0.19666667 0.17
 0.16       0.20666667 0.14       0.18666667 0.23       0.16333333
 0.16333333 0.1        0.16333333 0.10666667 0.17333333 0.15666667
 0.19       0.19666667 0.16333333 0.16       0.20333333 0.21666667
 0.18666667 0.14333333 0.10333333 0.14333333 0.15       0.03333333
 0.17666667 0.13       0.03333333 0.12       0.16       0.21666667
 0.15333333 0.17333333 0.15333333 0.16666667]

Convergence check
-------------------
Total steps:         3000      
Burn steps:          2000      
Evaluation steps:    1000                
Evaluation samples:  10000               
Autocorrelation times:
	 parameter                      tau (in steps)       Chain length (in multiples of tau)
	 flare_tpeak_1                  43.70273223054842    22.881864564545353  
	 flare_fwhm_1                   47.51439492228926    21.04625349087408   
	 flare_ampl_1                   40.617849820833555   24.619717794295546  
	 flare_tpeak_2                  44.038002936490194   22.707660050846517  
	 flare_fwhm_2                   42.58108316346086    23.484606912444804  
	 flare_ampl_2                   47.17410052935533    21.198072433362533  
	 flare_tpeak_3                  43.88480321345138    22.78693139253919   
	 flare_fwhm_3                   42.821591517606024   23.35270513214932   
	 flare_ampl_3                   46.181192796494      21.65383653918784   
	 ln_err_flux_TIC_1403938        38.844419846520864   25.7437233958217    

Not yet converged! Some chains are less than 30x the autocorrelation length. Please continue to run with longer chains, or start again with more walkers.

