
allesfitter version
---------------------
v1.2.9

Convergence check
-------------------
Total steps:         3000      
Burn steps:          2000      
Evaluation steps:    1000                
Evaluation samples:  10000               
Autocorrelation times:
	 parameter                      tau (in steps)       Chain length (in multiples of tau)
	 flare_tpeak_1                  43.70273223054842    22.881864564545353  
	 flare_fwhm_1                   47.51439492228926    21.04625349087408   
	 flare_ampl_1                   40.617849820833555   24.619717794295546  
	 flare_tpeak_2                  44.038002936490194   22.707660050846517  
	 flare_fwhm_2                   42.58108316346086    23.484606912444804  
	 flare_ampl_2                   47.17410052935533    21.198072433362533  
	 flare_tpeak_3                  43.88480321345138    22.78693139253919   
	 flare_fwhm_3                   42.821591517606024   23.35270513214932   
	 flare_ampl_3                   46.181192796494      21.65383653918784   
	 ln_err_flux_TIC_1403938        38.844419846520864   25.7437233958217    

Not yet converged! Some chains are less than 30x the autocorrelation length. Please continue to run with longer chains, or start again with more walkers.

File "params_star.csv" not found. Cannot derive final parameters.

Performing diagnostic tests on the fit's residuals...

Anderson-Darling Test
---------------------
This tests the null hypothesis that the residuals follows a normal distribution.
Test statistic		 8.186209627638902
Critical values		 [0.561 0.639 0.766 0.894 1.063]
Significance levels	 [0.15  0.1   0.05  0.025 0.01 ]
Does the null hypotheses hold at a significance level of...
... 0.15 		 False
... 0.1 		 False
... 0.05 		 False
... 0.025 		 False
... 0.01 		 False
The null hypothesis is rejected at some significance levels.
In simple words: there might still be some structure in your residuals.


Augmented Dickey-Fuller Test
----------------------------
This tests the null hypothesis that the residuals show non-stationarity (trends).
Test Statistic           -4.828458
P-Value                   0.000048
# Lags Used               2.000000
# Observations Used     139.000000
Critical Value (1%)      -3.478294
Critical Value (5%)      -2.882568
Critical Value (10%)     -2.577983
Is the time series stationary? True
In simple words: your residuals look good.


Durbin-Watson Test
------------------
This tests the null hypothesis that there is no correlation among the residuals.
Test statistic: 2.4360397489539087
The test statistic is approximately equal to 2*(1-r) where r is the sample autocorrelation of the residuals. Interpretation:
	< 1.5 suggests a positive correlation
	1.5 to 2.5 suggests no correlation
	> 2.5 suggests a negative correlation
No signs of a correlation.
In simple words: your residuals look good.


Ljung-Box Test
--------------
This tests the null hypothesis that there is no correlation among the residuals.
Does the null hypotheses hold at a significance level of...
 lag   lb_stat  lb_pvalue  0.15   0.1  0.05  0.025  0.01
   1  6.914592   0.008550 False False False  False False
   5 26.865142   0.000061 False False False  False False
  10 27.308911   0.002327 False False False  False False
  15 30.413136   0.010516 False False False  False  True
  20 31.435243   0.049701 False False False   True  True
The null hypothesis is rejected at some significance levels.
In simple words: there might still be some structure in your residuals.


Summary
-------
Test                    Passed?
Anderson-Darling        False
Augmented Dickey-Fuller True
Durbin-Watson           True
Ljung-Box               False

Orbital plots could not be produced.

Done. For all outputs, see allesfit/results 

