
allesfitter version
---------------------
v1.2.9

Convergence check
-------------------
Total steps:         3000      
Burn steps:          2000      
Evaluation steps:    1000                
Evaluation samples:  10000               
Autocorrelation times:
	 parameter                      tau (in steps)       Chain length (in multiples of tau)
	 flare_tpeak_1                  35.012401377900076   28.561308583398187  
	 flare_fwhm_1                   34.51435820559358    28.973449080039238  
	 flare_ampl_1                   32.30304560282589    30.95683336782707   
	 flare_tpeak_2                  33.72685117762294    29.649966275638537  
	 flare_fwhm_2                   33.52797599445396    29.82583858224592   
	 flare_ampl_2                   35.88462457508488    27.867088254124077  
	 flare_tpeak_3                  34.45481559505599    29.023519143242567  
	 flare_fwhm_3                   32.34259579158288    30.91897776059919   
	 flare_ampl_3                   33.934980654546216   29.4681175799059    
	 ln_err_flux_TIC_1403938        36.49106369994894    27.403969591640028  

Not yet converged! Some chains are less than 30x the autocorrelation length. Please continue to run with longer chains, or start again with more walkers.

File "params_star.csv" not found. Cannot derive final parameters.

Performing diagnostic tests on the fit's residuals...

Anderson-Darling Test
---------------------
This tests the null hypothesis that the residuals follows a normal distribution.
Test statistic		 7.782312911637177
Critical values		 [0.561 0.639 0.766 0.894 1.063]
Significance levels	 [0.15  0.1   0.05  0.025 0.01 ]
Does the null hypotheses hold at a significance level of...
... 0.15 		 False
... 0.1 		 False
... 0.05 		 False
... 0.025 		 False
... 0.01 		 False
The null hypothesis is rejected at some significance levels.
In simple words: there might still be some structure in your residuals.


Augmented Dickey-Fuller Test
----------------------------
This tests the null hypothesis that the residuals show non-stationarity (trends).
Test Statistic         -6.572980e+00
P-Value                 7.851400e-09
# Lags Used             3.000000e+00
# Observations Used     1.380000e+02
Critical Value (1%)    -3.478648e+00
Critical Value (5%)    -2.882722e+00
Critical Value (10%)   -2.578065e+00
Is the time series stationary? True
In simple words: your residuals look good.


Durbin-Watson Test
------------------
This tests the null hypothesis that there is no correlation among the residuals.
Test statistic: 2.176973126042263
The test statistic is approximately equal to 2*(1-r) where r is the sample autocorrelation of the residuals. Interpretation:
	< 1.5 suggests a positive correlation
	1.5 to 2.5 suggests no correlation
	> 2.5 suggests a negative correlation
No signs of a correlation.
In simple words: your residuals look good.


Ljung-Box Test
--------------
This tests the null hypothesis that there is no correlation among the residuals.
Does the null hypotheses hold at a significance level of...
 lag   lb_stat  lb_pvalue  0.15   0.1  0.05  0.025  0.01
   1  1.137784   0.286121  True  True  True   True  True
   5 15.198168   0.009548 False False False  False False
  10 25.715211   0.004143 False False False  False False
  15 27.962572   0.021804 False False False  False  True
  20 28.810754   0.091553 False False  True   True  True
The null hypothesis is rejected at some significance levels.
In simple words: there might still be some structure in your residuals.


Summary
-------
Test                    Passed?
Anderson-Darling        False
Augmented Dickey-Fuller True
Durbin-Watson           True
Ljung-Box               False

Orbital plots could not be produced.

Done. For all outputs, see allesfit/results 

