
allesfitter version
---------------------
v1.2.9

Convergence check
-------------------
Total steps:         3000      
Burn steps:          2000      
Evaluation steps:    1000                
Evaluation samples:  10000               
Autocorrelation times:
	 parameter                      tau (in steps)       Chain length (in multiples of tau)
	 flare_tpeak_1                  29.706981332754083   33.66212099434782   
	 flare_fwhm_1                   30.815318637974542   32.45139249566848   
	 flare_ampl_1                   31.529616369560507   31.716212093383586  
	 flare_tpeak_2                  31.263337771613273   31.98634794868217   
	 flare_fwhm_2                   32.90886535207474    30.38694860188958   
	 flare_ampl_2                   30.777073913554744   32.491717789961285  
	 flare_tpeak_3                  31.123004053578278   32.130574486913254  
	 flare_fwhm_3                   31.948332143012223   31.30053849207653   
	 flare_ampl_3                   31.90760407124955    31.34049168239032   
	 ln_err_flux_TIC_1403938        30.378459032094007   32.918062069689825  

Succesfully converged! All chains are at least 30x the autocorrelation length.

File "params_star.csv" not found. Cannot derive final parameters.

Performing diagnostic tests on the fit's residuals...

Anderson-Darling Test
---------------------
This tests the null hypothesis that the residuals follows a normal distribution.
Test statistic		 7.775917963249384
Critical values		 [0.561 0.639 0.766 0.894 1.063]
Significance levels	 [0.15  0.1   0.05  0.025 0.01 ]
Does the null hypotheses hold at a significance level of...
... 0.15 		 False
... 0.1 		 False
... 0.05 		 False
... 0.025 		 False
... 0.01 		 False
The null hypothesis is rejected at some significance levels.
In simple words: there might still be some structure in your residuals.


Augmented Dickey-Fuller Test
----------------------------
This tests the null hypothesis that the residuals show non-stationarity (trends).
Test Statistic         -6.582718e+00
P-Value                 7.444639e-09
# Lags Used             3.000000e+00
# Observations Used     1.380000e+02
Critical Value (1%)    -3.478648e+00
Critical Value (5%)    -2.882722e+00
Critical Value (10%)   -2.578065e+00
Is the time series stationary? True
In simple words: your residuals look good.


Durbin-Watson Test
------------------
This tests the null hypothesis that there is no correlation among the residuals.
Test statistic: 2.1780491138308125
The test statistic is approximately equal to 2*(1-r) where r is the sample autocorrelation of the residuals. Interpretation:
	< 1.5 suggests a positive correlation
	1.5 to 2.5 suggests no correlation
	> 2.5 suggests a negative correlation
No signs of a correlation.
In simple words: your residuals look good.


Ljung-Box Test
--------------
This tests the null hypothesis that there is no correlation among the residuals.
Does the null hypotheses hold at a significance level of...
 lag   lb_stat  lb_pvalue  0.15   0.1  0.05  0.025  0.01
   1  1.151654   0.283203  True  True  True   True  True
   5 15.217963   0.009471 False False False  False False
  10 25.665062   0.004218 False False False  False False
  15 27.891395   0.022259 False False False  False  True
  20 28.729038   0.093233 False False  True   True  True
The null hypothesis is rejected at some significance levels.
In simple words: there might still be some structure in your residuals.


Summary
-------
Test                    Passed?
Anderson-Darling        False
Augmented Dickey-Fuller True
Durbin-Watson           True
Ljung-Box               False

Orbital plots could not be produced.

Done. For all outputs, see allesfit/results 

