
allesfitter version
---------------------
v1.2.9

Running MCMC...
--------------------------

Running on 7 CPUs.

Running full MCMC

Time taken to run 'emcee' on 7 cores is 0.00 hours

Acceptance fractions:
--------------------------
[0.10333333 0.02333333 0.16333333 0.2        0.17666667 0.08666667
 0.18333333 0.17333333 0.06       0.17666667 0.17666667 0.09333333
 0.07666667 0.16666667 0.13666667 0.18666667 0.16       0.04666667
 0.14666667 0.15333333 0.18666667 0.12333333 0.05       0.13
 0.19       0.05       0.12       0.06666667 0.16       0.11333333
 0.1        0.05       0.03333333 0.09666667 0.12       0.05666667
 0.17333333 0.19       0.15333333 0.15       0.09333333 0.14666667
 0.11333333 0.19333333 0.11333333 0.09333333 0.14666667 0.13
 0.04666667 0.12       0.06333333 0.15333333 0.18       0.10666667
 0.21       0.19666667 0.16666667 0.13       0.06333333 0.09333333
 0.06333333 0.19333333 0.16333333 0.14333333 0.04       0.12333333
 0.11       0.1        0.16666667 0.15       0.07666667 0.17666667
 0.08666667 0.08333333 0.09666667 0.02666667 0.18666667 0.11333333
 0.07666667 0.05333333 0.05       0.16       0.11       0.15
 0.16       0.16333333 0.12666667 0.08       0.12       0.13333333
 0.08333333 0.13333333 0.04       0.06333333 0.21333333 0.05333333
 0.04333333 0.09666667 0.16333333 0.07666667]

Convergence check
-------------------
Total steps:         3000      
Burn steps:          2000      
Evaluation steps:    1000                
Evaluation samples:  10000               
Autocorrelation times:
	 parameter                      tau (in steps)       Chain length (in multiples of tau)
	 flare_tpeak_1                  80.60622716190639    12.405989403168455  
	 flare_fwhm_1                   61.35047665578278    16.299791859982914  
	 flare_ampl_1                   51.54225280304864    19.40155786013396   
	 ln_err_flux_TIC_1403938        61.614317094407085   16.229994052644834  

Not yet converged! Some chains are less than 30x the autocorrelation length. Please continue to run with longer chains, or start again with more walkers.

