
allesfitter version
---------------------
v1.2.9

Running MCMC...
--------------------------

Running on 7 CPUs.

Running full MCMC

Time taken to run 'emcee' on 7 cores is 0.04 hours

Acceptance fractions:
--------------------------
[0.08333333 0.11666667 0.07333333 0.09       0.05333333 0.08666667
 0.08       0.08333333 0.09666667 0.05333333 0.09666667 0.1
 0.24333333 0.10333333 0.10666667 0.09       0.09333333 0.08666667
 0.09333333 0.07666667 0.12666667 0.10666667 0.09666667 0.08333333
 0.10666667 0.09       0.1        0.07333333 0.12666667 0.1
 0.07666667 0.13666667 0.10333333 0.07       0.07       0.07666667
 0.08333333 0.09666667 0.1        0.07333333 0.12       0.11333333
 0.10666667 0.08333333 0.08333333 0.13333333 0.11333333 0.07
 0.10333333 0.07       0.06333333 0.07333333 0.09666667 0.06333333
 0.06       0.11       0.11       0.09666667 0.09       0.07666667
 0.09       0.07666667 0.08333333 0.07       0.09333333 0.06333333
 0.06666667 0.08       0.11666667 0.09       0.10333333 0.09
 0.07       0.07666667 0.11333333 0.08666667 0.21666667 0.07666667
 0.09333333 0.06666667 0.09333333 0.06333333 0.08       0.09666667
 0.08666667 0.09666667 0.10333333 0.09       0.10666667 0.07333333
 0.07666667 0.09333333 0.07       0.1        0.19       0.08333333
 0.08666667 0.09       0.09333333 0.14      ]

Convergence check
-------------------
Total steps:         3000      
Burn steps:          2000      
Evaluation steps:    1000                
Evaluation samples:  10000               
Autocorrelation times:
	 parameter                      tau (in steps)       Chain length (in multiples of tau)
	 flare_tpeak_1                  36.71288773072358    27.23839125199457   
	 flare_fwhm_1                   39.26027267015578    25.471040621685834  
	 flare_ampl_1                   35.36393714680672    28.27739444985123   
	 ln_err_flux_TIC_1403938        28.679227171197667   34.86844307312062   

Not yet converged! Some chains are less than 30x the autocorrelation length. Please continue to run with longer chains, or start again with more walkers.

