
allesfitter version
---------------------
v1.2.9

Running MCMC...
--------------------------

Running on 7 CPUs.

Running full MCMC

Time taken to run 'emcee' on 7 cores is 0.04 hours

Acceptance fractions:
--------------------------
[0.09       0.07666667 0.07       0.09       0.1        0.08333333
 0.07666667 0.10333333 0.08333333 0.08333333 0.08333333 0.09333333
 0.05       0.11333333 0.06666667 0.1        0.07333333 0.13
 0.06       0.10666667 0.08       0.11       0.09333333 0.10666667
 0.10666667 0.08333333 0.08333333 0.07333333 0.08       0.06
 0.11666667 0.07333333 0.09333333 0.12       0.11       0.07333333
 0.10666667 0.08666667 0.09666667 0.10666667 0.10666667 0.09
 0.07666667 0.08666667 0.1        0.09666667 0.08       0.11
 0.09666667 0.10666667 0.11333333 0.07       0.06666667 0.09333333
 0.06666667 0.09333333 0.09666667 0.08333333 0.15       0.07
 0.07666667 0.06666667 0.07       0.08666667 0.18       0.09
 0.06666667 0.07333333 0.08       0.08333333 0.09       0.06666667
 0.07       0.08666667 0.10666667 0.08       0.09       0.08
 0.08       0.08333333 0.09333333 0.09666667 0.18666667 0.08
 0.07666667 0.09333333 0.06666667 0.06666667 0.21333333 0.09666667
 0.05       0.08       0.12333333 0.08666667 0.08666667 0.11
 0.06       0.09       0.12333333 0.09333333]

Convergence check
-------------------
Total steps:         3000      
Burn steps:          2000      
Evaluation steps:    1000                
Evaluation samples:  10000               
Autocorrelation times:
	 parameter                      tau (in steps)       Chain length (in multiples of tau)
	 flare_tpeak_1                  38.77949569575129    25.78682321826998   
	 flare_fwhm_1                   37.80913183530658    26.448636915439277  
	 flare_ampl_1                   40.614205774340746   24.62192676021207   
	 ln_err_flux_TIC_1403938        29.85091234461525    33.49981362229246   

Not yet converged! Some chains are less than 30x the autocorrelation length. Please continue to run with longer chains, or start again with more walkers.

