
allesfitter version
---------------------
v1.2.9

Running MCMC...
--------------------------

Running on 7 CPUs.

Running full MCMC

Time taken to run 'emcee' on 7 cores is 0.04 hours

Acceptance fractions:
--------------------------
[0.12666667 0.21333333 0.19333333 0.22333333 0.17       0.18333333
 0.2        0.20333333 0.19333333 0.19       0.17333333 0.17333333
 0.17       0.20666667 0.17666667 0.21333333 0.18333333 0.23333333
 0.17       0.16       0.16       0.18       0.17333333 0.17333333
 0.20666667 0.20333333 0.14333333 0.15666667 0.15666667 0.03
 0.21666667 0.17666667 0.18666667 0.17666667 0.18       0.18
 0.17666667 0.14333333 0.18333333 0.18666667 0.17666667 0.16666667
 0.15333333 0.26       0.2        0.22333333 0.14666667 0.18333333
 0.20333333 0.20333333 0.21       0.20666667 0.18333333 0.18
 0.19333333 0.06       0.22333333 0.17333333 0.20666667 0.3
 0.21666667 0.20666667 0.18333333 0.19666667 0.17       0.21666667
 0.20666667 0.18333333 0.16       0.18       0.15666667 0.19
 0.15666667 0.15       0.21       0.18       0.22333333 0.19666667
 0.19333333 0.18333333 0.16       0.15       0.21       0.19666667
 0.18333333 0.16666667 0.19666667 0.15       0.20333333 0.18333333
 0.15666667 0.19333333 0.15       0.19       0.14666667 0.19
 0.18       0.20333333 0.19333333 0.18333333]

Convergence check
-------------------
Total steps:         3000      
Burn steps:          2000      
Evaluation steps:    1000                
Evaluation samples:  10000               
Autocorrelation times:
	 parameter                      tau (in steps)       Chain length (in multiples of tau)
	 flare_tpeak_1                  21.765505960726532   45.944257018623425  
	 flare_fwhm_1                   21.406321231942528   46.71517301664142   
	 flare_ampl_1                   29.368779636971887   34.0497634685888    
	 ln_err_flux_TIC_1403938        27.909144807102095   35.83054969658289   

Succesfully converged! All chains are at least 30x the autocorrelation length.

