
allesfitter version
---------------------
v1.2.9

Running MCMC...
--------------------------

Running on 7 CPUs.

Running full MCMC

Time taken to run 'emcee' on 7 cores is 0.06 hours

Acceptance fractions:
--------------------------
[0.09333333 0.10666667 0.07666667 0.07333333 0.1        0.06666667
 0.07333333 0.06666667 0.09666667 0.08333333 0.03666667 0.11333333
 0.09       0.08333333 0.1        0.03666667 0.09       0.06666667
 0.07       0.07       0.10666667 0.10666667 0.08666667 0.06666667
 0.07666667 0.09666667 0.1        0.07666667 0.08666667 0.06
 0.04       0.08       0.06666667 0.09       0.08       0.06333333
 0.09666667 0.07       0.08333333 0.08666667 0.08666667 0.09
 0.07       0.07333333 0.09333333 0.06333333 0.09333333 0.07
 0.08666667 0.09333333 0.06333333 0.08666667 0.07       0.09666667
 0.04       0.08333333 0.11333333 0.08333333 0.08333333 0.06666667
 0.08       0.10333333 0.05       0.06666667 0.06666667 0.06666667
 0.08333333 0.08666667 0.05333333 0.11666667 0.05333333 0.08
 0.1        0.06666667 0.10333333 0.07       0.07666667 0.08
 0.07666667 0.06666667 0.1        0.10333333 0.06666667 0.04333333
 0.08       0.04       0.04       0.09666667 0.06666667 0.03333333
 0.10333333 0.08333333 0.06333333 0.07333333 0.08333333 0.10333333
 0.06333333 0.08       0.06       0.08666667]

Convergence check
-------------------
Total steps:         3000      
Burn steps:          2000      
Evaluation steps:    1000                
Evaluation samples:  10000               
Autocorrelation times:
	 parameter                      tau (in steps)       Chain length (in multiples of tau)
	 flare_tpeak_1                  61.992786962599055   16.13090891692466   
	 flare_fwhm_1                   67.66865071880086    14.777891821066898  
	 flare_ampl_1                   71.38730172520945    14.008093538109785  
	 flare_tpeak_2                  65.64210883435209    15.234123609945268  
	 flare_fwhm_2                   64.40457413286127    15.526847486594404  
	 flare_ampl_2                   68.68600810399508    14.559005940277313  
	 ln_err_flux_TIC_233547261_flare1 51.827464745452914   19.294789064281503  

Not yet converged! Some chains are less than 30x the autocorrelation length. Please continue to run with longer chains, or start again with more walkers.

