
allesfitter version
---------------------
v1.2.9

Running MCMC...
--------------------------

Running on 7 CPUs.

Running full MCMC

Time taken to run 'emcee' on 7 cores is 0.05 hours

Acceptance fractions:
--------------------------
[0.29       0.32333333 0.30333333 0.27333333 0.28       0.28333333
 0.29333333 0.3        0.30333333 0.30666667 0.28333333 0.27
 0.29       0.30666667 0.28666667 0.26333333 0.34       0.32
 0.27666667 0.3        0.32666667 0.3        0.25333333 0.29666667
 0.28333333 0.28666667 0.27666667 0.27666667 0.25       0.28666667
 0.29333333 0.28333333 0.33666667 0.27666667 0.28       0.29
 0.28       0.32       0.31333333 0.25       0.33       0.34
 0.34       0.23333333 0.24666667 0.27333333 0.28333333 0.25666667
 0.31666667 0.26333333 0.27666667 0.31666667 0.30333333 0.26333333
 0.27666667 0.25666667 0.26333333 0.29666667 0.33333333 0.28
 0.31       0.30333333 0.23333333 0.35666667 0.27666667 0.28333333
 0.27666667 0.32333333 0.29333333 0.32666667 0.26333333 0.25666667
 0.24666667 0.25       0.29333333 0.27666667 0.31       0.27
 0.27       0.33333333 0.29333333 0.33666667 0.31333333 0.30666667
 0.28       0.34666667 0.28       0.31333333 0.32       0.29333333
 0.26333333 0.32333333 0.22333333 0.3        0.27666667 0.26666667
 0.29666667 0.33333333 0.26       0.25333333]

Convergence check
-------------------
Total steps:         3000      
Burn steps:          2000      
Evaluation steps:    1000                
Evaluation samples:  10000               
Autocorrelation times:
	 parameter                      tau (in steps)       Chain length (in multiples of tau)
	 flare_tpeak_1                  13.727613951499634   72.84587136067866   
	 flare_fwhm_1                   15.018615461463934   66.58403383227214   
	 flare_ampl_1                   13.228230843129992   75.5958987909063    
	 ln_err_flux_TIC_233547261_flare1 12.775370400433665   78.27561696105927   

Succesfully converged! All chains are at least 30x the autocorrelation length.

