
allesfitter version
---------------------
v1.2.9

Convergence check
-------------------
Total steps:         3000      
Burn steps:          2000      
Evaluation steps:    1000                
Evaluation samples:  10000               
Autocorrelation times:
	 parameter                      tau (in steps)       Chain length (in multiples of tau)
	 flare_tpeak_1                  17.47026775074673    57.24010726494201   
	 flare_fwhm_1                   18.958368389596156   52.74715521135106   
	 flare_ampl_1                   21.944594920040497   45.56930777914558   
	 ln_err_flux_TIC_233547261_flare1 26.64020018760034    37.537255461970936  

Succesfully converged! All chains are at least 30x the autocorrelation length.

File "params_star.csv" not found. Cannot derive final parameters.

Performing diagnostic tests on the fit's residuals...

Anderson-Darling Test
---------------------
This tests the null hypothesis that the residuals follows a normal distribution.
Test statistic		 0.24852973533916156
Critical values		 [0.573 0.652 0.783 0.913 1.086]
Significance levels	 [0.15  0.1   0.05  0.025 0.01 ]
Does the null hypotheses hold at a significance level of...
... 0.15 		 True
... 0.1 		 True
... 0.05 		 True
... 0.025 		 True
... 0.01 		 True
The null hypothesis cannot be rejected.
In simple words: your residuals look good.


Augmented Dickey-Fuller Test
----------------------------
This tests the null hypothesis that the residuals show non-stationarity (trends).
Test Statistic          -26.174331
P-Value                   0.000000
# Lags Used               0.000000
# Observations Used     714.000000
Critical Value (1%)      -3.439542
Critical Value (5%)      -2.865596
Critical Value (10%)     -2.568930
Is the time series stationary? True
In simple words: your residuals look good.


Durbin-Watson Test
------------------
This tests the null hypothesis that there is no correlation among the residuals.
Test statistic: 1.9616157379400025
The test statistic is approximately equal to 2*(1-r) where r is the sample autocorrelation of the residuals. Interpretation:
	< 1.5 suggests a positive correlation
	1.5 to 2.5 suggests no correlation
	> 2.5 suggests a negative correlation
No signs of a correlation.
In simple words: your residuals look good.


Ljung-Box Test
--------------
This tests the null hypothesis that there is no correlation among the residuals.
Does the null hypotheses hold at a significance level of...
 lag   lb_stat  lb_pvalue  0.15  0.1  0.05  0.025  0.01
   1  0.211411   0.645664  True True  True   True  True
   5  2.123344   0.831828  True True  True   True  True
  10  5.146385   0.881187  True True  True   True  True
  15  9.943649   0.823269  True True  True   True  True
  20 12.849357   0.883753  True True  True   True  True
The null hypothesis cannot be rejected.
In simple words: your residuals look good.


Summary
-------
Test                    Passed?
Anderson-Darling        True
Augmented Dickey-Fuller True
Durbin-Watson           True
Ljung-Box               True

Orbital plots could not be produced.

Done. For all outputs, see allesfit/results 

