
allesfitter version
---------------------
v1.2.9

Convergence check
-------------------
Total steps:         3000      
Burn steps:          2000      
Evaluation steps:    1000                
Evaluation samples:  10000               
Autocorrelation times:
	 parameter                      tau (in steps)       Chain length (in multiples of tau)
	 flare_tpeak_1                  67.81566490099392    14.74585556979983   
	 flare_fwhm_1                   73.78162961835736    13.553509256607601  
	 flare_ampl_1                   64.54054685605821    15.494135837278442  
	 flare_tpeak_2                  72.3793451091214     13.816096270177193  
	 flare_fwhm_2                   74.60219527189429    13.404431281886701  
	 flare_ampl_2                   52.774546813688815   18.94852841712356   
	 ln_err_flux_TIC_233547261_flare1 47.89823205605714    20.877597294815843  

Not yet converged! Some chains are less than 30x the autocorrelation length. Please continue to run with longer chains, or start again with more walkers.

File "params_star.csv" not found. Cannot derive final parameters.

Performing diagnostic tests on the fit's residuals...

Anderson-Darling Test
---------------------
This tests the null hypothesis that the residuals follows a normal distribution.
Test statistic		 0.3121206539251773
Critical values		 [0.561 0.639 0.767 0.894 1.064]
Significance levels	 [0.15  0.1   0.05  0.025 0.01 ]
Does the null hypotheses hold at a significance level of...
... 0.15 		 True
... 0.1 		 True
... 0.05 		 True
... 0.025 		 True
... 0.01 		 True
The null hypothesis cannot be rejected.
In simple words: your residuals look good.


Augmented Dickey-Fuller Test
----------------------------
This tests the null hypothesis that the residuals show non-stationarity (trends).
Test Statistic         -1.050222e+01
P-Value                 1.076662e-18
# Lags Used             0.000000e+00
# Observations Used     1.430000e+02
Critical Value (1%)    -3.476927e+00
Critical Value (5%)    -2.881973e+00
Critical Value (10%)   -2.577665e+00
Is the time series stationary? True
In simple words: your residuals look good.


Durbin-Watson Test
------------------
This tests the null hypothesis that there is no correlation among the residuals.
Test statistic: 1.7530590152429177
The test statistic is approximately equal to 2*(1-r) where r is the sample autocorrelation of the residuals. Interpretation:
	< 1.5 suggests a positive correlation
	1.5 to 2.5 suggests no correlation
	> 2.5 suggests a negative correlation
No signs of a correlation.
In simple words: your residuals look good.


Ljung-Box Test
--------------
This tests the null hypothesis that there is no correlation among the residuals.
Does the null hypotheses hold at a significance level of...
 lag   lb_stat  lb_pvalue  0.15   0.1  0.05  0.025  0.01
   1  2.215240   0.136654 False  True  True   True  True
   5  8.818470   0.116528 False  True  True   True  True
  10 12.429874   0.257316  True  True  True   True  True
  15 26.531215   0.032796 False False False   True  True
  20 43.619818   0.001692 False False False  False False
The null hypothesis is rejected at some significance levels.
In simple words: there might still be some structure in your residuals.


Summary
-------
Test                    Passed?
Anderson-Darling        True
Augmented Dickey-Fuller True
Durbin-Watson           True
Ljung-Box               False

Orbital plots could not be produced.

Done. For all outputs, see allesfit/results 

