
allesfitter version
---------------------
v1.2.9

Convergence check
-------------------
Total steps:         3000      
Burn steps:          2000      
Evaluation steps:    1000                
Evaluation samples:  10000               
Autocorrelation times:
	 parameter                      tau (in steps)       Chain length (in multiples of tau)
	 flare_tpeak_1                  21.765505960726532   45.944257018623425  
	 flare_fwhm_1                   21.406321231942528   46.71517301664142   
	 flare_ampl_1                   29.368779636971887   34.0497634685888    
	 ln_err_flux_TIC_1403938        27.909144807102095   35.83054969658289   

Succesfully converged! All chains are at least 30x the autocorrelation length.

File "params_star.csv" not found. Cannot derive final parameters.

Performing diagnostic tests on the fit's residuals...

Anderson-Darling Test
---------------------
This tests the null hypothesis that the residuals follows a normal distribution.
Test statistic		 0.2530581710459501
Critical values		 [0.572 0.652 0.782 0.912 1.085]
Significance levels	 [0.15  0.1   0.05  0.025 0.01 ]
Does the null hypotheses hold at a significance level of...
... 0.15 		 True
... 0.1 		 True
... 0.05 		 True
... 0.025 		 True
... 0.01 		 True
The null hypothesis cannot be rejected.
In simple words: your residuals look good.


Augmented Dickey-Fuller Test
----------------------------
This tests the null hypothesis that the residuals show non-stationarity (trends).
Test Statistic           -3.919397
P-Value                   0.001897
# Lags Used              10.000000
# Observations Used     587.000000
Critical Value (1%)      -3.441539
Critical Value (5%)      -2.866476
Critical Value (10%)     -2.569399
Is the time series stationary? True
In simple words: your residuals look good.


Durbin-Watson Test
------------------
This tests the null hypothesis that there is no correlation among the residuals.
Test statistic: 1.5560333040531604
The test statistic is approximately equal to 2*(1-r) where r is the sample autocorrelation of the residuals. Interpretation:
	< 1.5 suggests a positive correlation
	1.5 to 2.5 suggests no correlation
	> 2.5 suggests a negative correlation
No signs of a correlation.
In simple words: your residuals look good.


Ljung-Box Test
--------------
This tests the null hypothesis that there is no correlation among the residuals.
Does the null hypotheses hold at a significance level of...
 lag    lb_stat    lb_pvalue  0.15   0.1  0.05  0.025  0.01
   1  28.823439 7.928575e-08 False False False  False False
   5 134.744308 2.340791e-27 False False False  False False
  10 242.354746 2.194137e-46 False False False  False False
  15 313.627614 8.180058e-58 False False False  False False
  20 372.199051 1.167756e-66 False False False  False False
The null hypothesis is rejected at some significance levels.
In simple words: there might still be some structure in your residuals.


Summary
-------
Test                    Passed?
Anderson-Darling        True
Augmented Dickey-Fuller True
Durbin-Watson           True
Ljung-Box               False

Orbital plots could not be produced.

Done. For all outputs, see allesfit/results 

